Arguments: 
  C:\Program Files\nodejs\node.exe C:\Program Files (x86)\Yarn\bin\yarn.js add .\.package-lock.json

PATH: 
  C:\Python311\Scripts\;C:\Python311\;C:\WINDOWS\system32;C:\WINDOWS;C:\WINDOWS\System32\Wbem;C:\WINDOWS\System32\WindowsPowerShell\v1.0\;C:\WINDOWS\System32\OpenSSH\;C:\Windows;C:\Program Files\PuTTY\;C:\Program Files\Git\cmd;C:\Program Files\dotnet\;C:\Users\ambba\OneDrive\Documents\COP3530\Project 3\County_Datatype\nlohmann;C:\ProgramData\chocolatey\bin;C:\tools\sfml-mingw64\SFML-2.5.1\bin;C:\Program Files\nodejs\;C:\Program Files (x86)\Yarn\bin\;C:\Users\ambba\AppData\Local\Programs\Python\Python310\Scripts\;C:\Users\ambba\AppData\Local\Programs\Python\Python310\;C:\Users\ambba\AppData\Local\Microsoft\WindowsApps;C:\Users\ambba\AppData\Local\Programs\Microsoft VS Code\bin;C:\msys64\mingw64\bin;C:\Users\ambba\AppData\Local\Microsoft\WindowsApps;C:\ProgramData\chocolatey\lib\mingw\tools\install\mingw64\bin;C:\Users\ambba\AppData\Roaming\npm;C:\Users\ambba\AppData\Local\Yarn\bin;C:\Program Files (x86)\Yarn\bin;

Yarn version: 
  1.22.19

Node version: 
  18.17.1

Platform: 
  win32 x64

Trace: 
  Error: https://registry.yarnpkg.com/.package-lock.json: Not found
      at params.callback [as _callback] (C:\Program Files (x86)\Yarn\lib\cli.js:66145:18)
      at self.callback (C:\Program Files (x86)\Yarn\lib\cli.js:140890:22)
      at Request.emit (node:events:514:28)
      at Request.<anonymous> (C:\Program Files (x86)\Yarn\lib\cli.js:141862:10)
      at Request.emit (node:events:514:28)
      at IncomingMessage.<anonymous> (C:\Program Files (x86)\Yarn\lib\cli.js:141784:12)
      at Object.onceWrapper (node:events:628:28)
      at IncomingMessage.emit (node:events:526:35)
      at endReadableNT (node:internal/streams/readable:1359:12)
      at process.processTicksAndRejections (node:internal/process/task_queues:82:21)

npm manifest: 
  {
    "name": "Assignment1",
    "version": "2.0.0",
    "description": "Introduction to HTTP and Asynchronous Programming using Node.js",
    "main": "server.js",
    "scripts": {
      "test": "mocha server.test.js",
      "start": "node server.js"
    },
    "author": "Medhir Bhargava and Christina Gardner-McCune",
    "license": "MIT",
    "devDependencies": {
      "should": "^7.1.1"
    },
    "dependencies": {
      "request": "^2.67.0"
    }
  }

yarn manifest: 
  No manifest

Lockfile: 
  No lockfile
